[0114/095140.957:ERROR:process_reader_win.cc(151)] SuspendThread: Access is denied. (0x5)
[0114/095140.960:ERROR:process_reader_win.cc(151)] SuspendThread: Access is denied. (0x5)
[0114/095140.960:ERROR:process_reader_win.cc(151)] SuspendThread: Access is denied. (0x5)
[0114/095140.960:ERROR:process_reader_win.cc(151)] SuspendThread: Access is denied. (0x5)
[0114/095140.960:ERROR:process_reader_win.cc(151)] SuspendThread: Access is denied. (0x5)
[0114/095140.960:ERROR:process_reader_win.cc(151)] SuspendThread: Access is denied. (0x5)
[0114/095140.960:ERROR:process_reader_win.cc(151)] SuspendThread: Access is denied. (0x5)
[0114/095140.960:ERROR:process_reader_win.cc(151)] SuspendThread: Access is denied. (0x5)
[0114/095140.960:ERROR:process_reader_win.cc(151)] SuspendThread: Access is denied. (0x5)
[0114/095140.961:ERROR:process_reader_win.cc(151)] SuspendThread: Access is denied. (0x5)
[0114/095140.961:ERROR:process_reader_win.cc(151)] SuspendThread: Access is denied. (0x5)
[0114/095140.961:ERROR:process_reader_win.cc(151)] SuspendThread: Access is denied. (0x5)
[0114/095140.961:ERROR:process_reader_win.cc(151)] SuspendThread: Access is denied. (0x5)
[0114/095140.961:ERROR:process_reader_win.cc(151)] SuspendThread: Access is denied. (0x5)
[0114/095140.961:ERROR:process_reader_win.cc(151)] SuspendThread: Access is denied. (0x5)
[0114/095140.961:ERROR:process_reader_win.cc(151)] SuspendThread: Access is denied. (0x5)
[0114/095140.961:ERROR:exception_snapshot_win.cc(98)] thread ID 1360 not found in process
[0114/104245.969:ERROR:process_reader_win.cc(151)] SuspendThread: Access is denied. (0x5)
[0114/104245.995:ERROR:exception_snapshot_win.cc(98)] thread ID 18816 not found in process
[0115/084411.083:ERROR:process_reader_win.cc(151)] SuspendThread: Access is denied. (0x5)
[0115/084411.084:ERROR:process_reader_win.cc(151)] SuspendThread: Access is denied. (0x5)
[0115/084411.084:ERROR:process_reader_win.cc(151)] SuspendThread: Access is denied. (0x5)
[0115/084411.084:ERROR:process_reader_win.cc(151)] SuspendThread: Access is denied. (0x5)
[0115/084411.085:ERROR:process_reader_win.cc(123)] NtOpenThread: {Access Denied} A process has requested access to an object, but has not been granted those access rights. (0xc0000022)
[0115/084411.109:ERROR:exception_snapshot_win.cc(98)] thread ID 25664 not found in process
[0115/090812.646:ERROR:process_reader_win.cc(151)] SuspendThread: Access is denied. (0x5)
[0115/090812.647:ERROR:process_reader_win.cc(151)] SuspendThread: Access is denied. (0x5)
[0115/090812.647:ERROR:process_reader_win.cc(151)] SuspendThread: Access is denied. (0x5)
[0115/090812.647:ERROR:process_reader_win.cc(151)] SuspendThread: Access is denied. (0x5)
[0115/090812.647:ERROR:process_reader_win.cc(151)] SuspendThread: Access is denied. (0x5)
[0115/090812.647:ERROR:process_reader_win.cc(123)] NtOpenThread: {Access Denied} A process has requested access to an object, but has not been granted those access rights. (0xc0000022)
[0115/090812.647:ERROR:exception_snapshot_win.cc(98)] thread ID 10052 not found in process
[0115/092436.384:ERROR:process_reader_win.cc(123)] NtOpenThread: {Access Denied} A process has requested access to an object, but has not been granted those access rights. (0xc0000022)
[0115/092436.385:ERROR:exception_snapshot_win.cc(98)] thread ID 20392 not found in process
[0115/094331.077:ERROR:process_reader_win.cc(123)] NtOpenThread: {Access Denied} A process has requested access to an object, but has not been granted those access rights. (0xc0000022)
[0115/094331.080:ERROR:exception_snapshot_win.cc(98)] thread ID 18052 not found in process
[0115/094438.004:ERROR:process_reader_win.cc(123)] NtOpenThread: {Access Denied} A process has requested access to an object, but has not been granted those access rights. (0xc0000022)
[0115/094438.007:ERROR:exception_snapshot_win.cc(98)] thread ID 17816 not found in process
[0115/094743.250:ERROR:process_reader_win.cc(123)] NtOpenThread: {Access Denied} A process has requested access to an object, but has not been granted those access rights. (0xc0000022)
[0115/094743.253:ERROR:exception_snapshot_win.cc(98)] thread ID 3492 not found in process
[0115/094841.975:ERROR:process_reader_win.cc(123)] NtOpenThread: {Access Denied} A process has requested access to an object, but has not been granted those access rights. (0xc0000022)
[0115/094841.977:ERROR:exception_snapshot_win.cc(98)] thread ID 8692 not found in process
[0116/201436.453:ERROR:process_reader_win.cc(123)] NtOpenThread: {Access Denied} A process has requested access to an object, but has not been granted those access rights. (0xc0000022)
[0116/201436.491:ERROR:exception_snapshot_win.cc(98)] thread ID 18224 not found in process
[0117/083842.326:ERROR:process_reader_win.cc(123)] NtOpenThread: {Access Denied} A process has requested access to an object, but has not been granted those access rights. (0xc0000022)
[0117/083843.381:ERROR:exception_snapshot_win.cc(98)] thread ID 8808 not found in process
[0117/085534.158:ERROR:process_reader_win.cc(123)] NtOpenThread: {Access Denied} A process has requested access to an object, but has not been granted those access rights. (0xc0000022)
[0117/085534.160:ERROR:exception_snapshot_win.cc(98)] thread ID 9192 not found in process
[0117/085644.971:ERROR:process_reader_win.cc(123)] NtOpenThread: {Access Denied} A process has requested access to an object, but has not been granted those access rights. (0xc0000022)
[0117/085644.973:ERROR:exception_snapshot_win.cc(98)] thread ID 4876 not found in process
[0121/073240.442:ERROR:process_reader_win.cc(123)] NtOpenThread: {Access Denied} A process has requested access to an object, but has not been granted those access rights. (0xc0000022)
[0121/073240.482:ERROR:exception_snapshot_win.cc(98)] thread ID 12268 not found in process
[0121/073304.102:ERROR:process_reader_win.cc(151)] SuspendThread: Access is denied. (0x5)
[0121/073304.108:ERROR:process_reader_win.cc(151)] SuspendThread: Access is denied. (0x5)
[0121/073304.108:ERROR:process_reader_win.cc(151)] SuspendThread: Access is denied. (0x5)
[0121/073304.108:ERROR:process_reader_win.cc(151)] SuspendThread: Access is denied. (0x5)
[0121/073304.108:ERROR:process_reader_win.cc(123)] NtOpenThread: {Access Denied} A process has requested access to an object, but has not been granted those access rights. (0xc0000022)
[0121/073304.108:ERROR:exception_snapshot_win.cc(98)] thread ID 16364 not found in process
[0121/074929.003:ERROR:process_reader_win.cc(151)] SuspendThread: Access is denied. (0x5)
[0121/074929.004:ERROR:process_reader_win.cc(151)] SuspendThread: Access is denied. (0x5)
[0121/074929.004:ERROR:process_reader_win.cc(151)] SuspendThread: Access is denied. (0x5)
[0121/074929.004:ERROR:process_reader_win.cc(151)] SuspendThread: Access is denied. (0x5)
[0121/074929.004:ERROR:process_reader_win.cc(123)] NtOpenThread: {Access Denied} A process has requested access to an object, but has not been granted those access rights. (0xc0000022)
[0121/074929.004:ERROR:exception_snapshot_win.cc(98)] thread ID 8568 not found in process
[0121/083420.252:ERROR:process_reader_win.cc(123)] NtOpenThread: {Access Denied} A process has requested access to an object, but has not been granted those access rights. (0xc0000022)
[0121/083420.313:ERROR:exception_snapshot_win.cc(98)] thread ID 10836 not found in process
[0121/084134.707:ERROR:process_reader_win.cc(123)] NtOpenThread: {Access Denied} A process has requested access to an object, but has not been granted those access rights. (0xc0000022)
[0121/084134.708:ERROR:exception_snapshot_win.cc(98)] thread ID 1824 not found in process
[0121/084516.428:ERROR:process_reader_win.cc(151)] SuspendThread: Access is denied. (0x5)
[0121/084516.429:ERROR:process_reader_win.cc(151)] SuspendThread: Access is denied. (0x5)
[0121/084516.429:ERROR:process_reader_win.cc(123)] NtOpenThread: {Access Denied} A process has requested access to an object, but has not been granted those access rights. (0xc0000022)
[0121/084516.429:ERROR:exception_snapshot_win.cc(98)] thread ID 4672 not found in process
[0122/080226.652:ERROR:process_reader_win.cc(123)] NtOpenThread: {Access Denied} A process has requested access to an object, but has not been granted those access rights. (0xc0000022)
[0122/080226.715:ERROR:exception_snapshot_win.cc(98)] thread ID 7728 not found in process
[0122/080950.668:ERROR:process_reader_win.cc(123)] NtOpenThread: {Access Denied} A process has requested access to an object, but has not been granted those access rights. (0xc0000022)
[0122/080951.307:ERROR:exception_snapshot_win.cc(98)] thread ID 17024 not found in process
[0122/081042.400:ERROR:process_reader_win.cc(123)] NtOpenThread: {Access Denied} A process has requested access to an object, but has not been granted those access rights. (0xc0000022)
[0122/081042.401:ERROR:exception_snapshot_win.cc(98)] thread ID 10416 not found in process
[0122/081153.206:ERROR:process_reader_win.cc(123)] NtOpenThread: {Access Denied} A process has requested access to an object, but has not been granted those access rights. (0xc0000022)
[0122/081153.207:ERROR:exception_snapshot_win.cc(98)] thread ID 11180 not found in process
[0122/081158.983:ERROR:process_reader_win.cc(123)] NtOpenThread: {Access Denied} A process has requested access to an object, but has not been granted those access rights. (0xc0000022)
[0122/081158.984:ERROR:exception_snapshot_win.cc(98)] thread ID 16624 not found in process
[0122/101543.043:ERROR:process_reader_win.cc(123)] NtOpenThread: {Access Denied} A process has requested access to an object, but has not been granted those access rights. (0xc0000022)
[0122/101543.159:ERROR:exception_snapshot_win.cc(98)] thread ID 13516 not found in process
[0122/101846.787:ERROR:process_reader_win.cc(123)] NtOpenThread: {Access Denied} A process has requested access to an object, but has not been granted those access rights. (0xc0000022)
[0122/101846.788:ERROR:exception_snapshot_win.cc(98)] thread ID 10088 not found in process
[0122/102220.873:ERROR:process_reader_win.cc(123)] NtOpenThread: {Access Denied} A process has requested access to an object, but has not been granted those access rights. (0xc0000022)
[0122/102220.862:ERROR:process_reader_win.cc(123)] NtOpenThread: {Access Denied} A process has requested access to an object, but has not been granted those access rights. (0xc0000022)
[0122/102220.921:ERROR:exception_snapshot_win.cc(98)] thread ID 18932 not found in process
[0122/102220.921:ERROR:exception_snapshot_win.cc(98)] thread ID 18968 not found in process
[0122/102302.120:ERROR:process_reader_win.cc(151)] SuspendThread: Access is denied. (0x5)
[0122/102302.121:ERROR:process_reader_win.cc(151)] SuspendThread: Access is denied. (0x5)
[0122/102302.121:ERROR:process_reader_win.cc(151)] SuspendThread: Access is denied. (0x5)
[0122/102302.121:ERROR:process_reader_win.cc(151)] SuspendThread: Access is denied. (0x5)
[0122/102302.121:ERROR:process_reader_win.cc(151)] SuspendThread: Access is denied. (0x5)
[0122/102302.121:ERROR:process_reader_win.cc(151)] SuspendThread: Access is denied. (0x5)
[0122/102302.121:ERROR:process_reader_win.cc(151)] SuspendThread: Access is denied. (0x5)
[0122/102302.121:ERROR:process_reader_win.cc(151)] SuspendThread: Access is denied. (0x5)
[0122/102302.121:ERROR:process_reader_win.cc(123)] NtOpenThread: {Access Denied} A process has requested access to an object, but has not been granted those access rights. (0xc0000022)
[0122/102302.121:ERROR:exception_snapshot_win.cc(98)] thread ID 12968 not found in process
[0122/102302.121:ERROR:process_reader_win.cc(123)] NtOpenThread: {Access Denied} A process has requested access to an object, but has not been granted those access rights. (0xc0000022)
[0122/102302.122:ERROR:exception_snapshot_win.cc(98)] thread ID 15196 not found in process
[0123/092536.725:ERROR:process_reader_win.cc(151)] SuspendThread: Access is denied. (0x5)
[0123/092536.753:ERROR:process_reader_win.cc(151)] SuspendThread: Access is denied. (0x5)
[0123/092536.753:ERROR:process_reader_win.cc(151)] SuspendThread: Access is denied. (0x5)
[0123/092536.753:ERROR:process_reader_win.cc(151)] SuspendThread: Access is denied. (0x5)
[0123/092536.753:ERROR:process_reader_win.cc(123)] NtOpenThread: {Access Denied} A process has requested access to an object, but has not been granted those access rights. (0xc0000022)
[0123/092536.792:ERROR:exception_snapshot_win.cc(98)] thread ID 14996 not found in process
[0123/092743.798:ERROR:process_reader_win.cc(151)] SuspendThread: Access is denied. (0x5)
[0123/092743.799:ERROR:process_reader_win.cc(151)] SuspendThread: Access is denied. (0x5)
[0123/092743.799:ERROR:process_reader_win.cc(151)] SuspendThread: Access is denied. (0x5)
[0123/092743.799:ERROR:process_reader_win.cc(151)] SuspendThread: Access is denied. (0x5)
[0123/092743.799:ERROR:process_reader_win.cc(123)] NtOpenThread: {Access Denied} A process has requested access to an object, but has not been granted those access rights. (0xc0000022)
[0123/092743.799:ERROR:exception_snapshot_win.cc(98)] thread ID 20452 not found in process
[0123/094340.417:ERROR:process_reader_win.cc(123)] NtOpenThread: {Access Denied} A process has requested access to an object, but has not been granted those access rights. (0xc0000022)
[0123/094340.544:ERROR:exception_snapshot_win.cc(98)] thread ID 11788 not found in process
[0123/094404.135:ERROR:process_reader_win.cc(151)] SuspendThread: Access is denied. (0x5)
[0123/094404.135:ERROR:process_reader_win.cc(151)] SuspendThread: Access is denied. (0x5)
[0123/094404.135:ERROR:process_reader_win.cc(151)] SuspendThread: Access is denied. (0x5)
[0123/094404.135:ERROR:process_reader_win.cc(151)] SuspendThread: Access is denied. (0x5)
[0123/094404.135:ERROR:process_reader_win.cc(123)] NtOpenThread: {Access Denied} A process has requested access to an object, but has not been granted those access rights. (0xc0000022)
[0123/094404.135:ERROR:exception_snapshot_win.cc(98)] thread ID 12496 not found in process
[0123/095544.531:ERROR:process_reader_win.cc(123)] NtOpenThread: {Access Denied} A process has requested access to an object, but has not been granted those access rights. (0xc0000022)
[0123/095544.532:ERROR:exception_snapshot_win.cc(98)] thread ID 17720 not found in process
[0123/101055.775:ERROR:process_reader_win.cc(123)] NtOpenThread: {Access Denied} A process has requested access to an object, but has not been granted those access rights. (0xc0000022)
[0123/101055.775:ERROR:exception_snapshot_win.cc(98)] thread ID 8088 not found in process
[0123/101504.384:ERROR:process_reader_win.cc(123)] NtOpenThread: {Access Denied} A process has requested access to an object, but has not been granted those access rights. (0xc0000022)
[0123/101504.384:ERROR:exception_snapshot_win.cc(98)] thread ID 492 not found in process
[0123/102232.256:ERROR:process_reader_win.cc(123)] NtOpenThread: {Access Denied} A process has requested access to an object, but has not been granted those access rights. (0xc0000022)
[0123/102232.256:ERROR:exception_snapshot_win.cc(98)] thread ID 14744 not found in process
[0123/102454.638:ERROR:process_reader_win.cc(123)] NtOpenThread: {Access Denied} A process has requested access to an object, but has not been granted those access rights. (0xc0000022)
[0123/102454.639:ERROR:exception_snapshot_win.cc(98)] thread ID 7000 not found in process
<<<<<<< HEAD
[0124/085200.353:ERROR:process_reader_win.cc(123)] NtOpenThread: {Access Denied} A process has requested access to an object, but has not been granted those access rights. (0xc0000022)
[0124/085200.405:ERROR:exception_snapshot_win.cc(98)] thread ID 14816 not found in process
[0124/085224.847:ERROR:process_reader_win.cc(123)] NtOpenThread: {Access Denied} A process has requested access to an object, but has not been granted those access rights. (0xc0000022)
[0124/085224.848:ERROR:exception_snapshot_win.cc(98)] thread ID 19780 not found in process
[0124/090640.924:ERROR:process_reader_win.cc(151)] SuspendThread: Access is denied. (0x5)
[0124/090640.924:ERROR:process_reader_win.cc(151)] SuspendThread: Access is denied. (0x5)
[0124/090640.924:ERROR:process_reader_win.cc(151)] SuspendThread: Access is denied. (0x5)
[0124/090640.925:ERROR:process_reader_win.cc(151)] SuspendThread: Access is denied. (0x5)
[0124/090640.925:ERROR:process_reader_win.cc(123)] NtOpenThread: {Access Denied} A process has requested access to an object, but has not been granted those access rights. (0xc0000022)
[0124/090640.925:ERROR:exception_snapshot_win.cc(98)] thread ID 8864 not found in process
[0124/102309.676:ERROR:process_reader_win.cc(123)] NtOpenThread: {Access Denied} A process has requested access to an object, but has not been granted those access rights. (0xc0000022)
[0124/102309.696:ERROR:exception_snapshot_win.cc(98)] thread ID 16012 not found in process
[0124/103711.095:ERROR:process_reader_win.cc(123)] NtOpenThread: {Access Denied} A process has requested access to an object, but has not been granted those access rights. (0xc0000022)
[0124/103711.149:ERROR:exception_snapshot_win.cc(98)] thread ID 15632 not found in process
[0124/103831.968:ERROR:process_reader_win.cc(123)] NtOpenThread: {Access Denied} A process has requested access to an object, but has not been granted those access rights. (0xc0000022)
[0124/103831.969:ERROR:exception_snapshot_win.cc(98)] thread ID 9536 not found in process
[0127/100325.546:ERROR:process_reader_win.cc(123)] NtOpenThread: {Access Denied} A process has requested access to an object, but has not been granted those access rights. (0xc0000022)
[0127/100325.599:ERROR:exception_snapshot_win.cc(98)] thread ID 14884 not found in process
[0127/100349.236:ERROR:process_reader_win.cc(123)] NtOpenThread: {Access Denied} A process has requested access to an object, but has not been granted those access rights. (0xc0000022)
[0127/100349.237:ERROR:exception_snapshot_win.cc(98)] thread ID 11140 not found in process
=======
[0127/113115.228:ERROR:process_reader_win.cc(123)] NtOpenThread: {Access Denied} A process has requested access to an object, but has not been granted those access rights. (0xc0000022)
[0127/113115.279:ERROR:exception_snapshot_win.cc(98)] thread ID 5228 not found in process
>>>>>>> 1e1d7b02b6b558a1ab0a9fc1686dd55196586fd2
[0128/074418.428:ERROR:process_reader_win.cc(123)] NtOpenThread: {Access Denied} A process has requested access to an object, but has not been granted those access rights. (0xc0000022)
[0128/074418.466:ERROR:exception_snapshot_win.cc(98)] thread ID 1796 not found in process
[0128/075022.025:ERROR:process_reader_win.cc(123)] NtOpenThread: {Access Denied} A process has requested access to an object, but has not been granted those access rights. (0xc0000022)
[0128/075022.026:ERROR:exception_snapshot_win.cc(98)] thread ID 568 not found in process
[0128/082014.168:ERROR:process_reader_win.cc(123)] NtOpenThread: {Access Denied} A process has requested access to an object, but has not been granted those access rights. (0xc0000022)
[0128/082014.205:ERROR:exception_snapshot_win.cc(98)] thread ID 9848 not found in process
[0128/082556.683:ERROR:process_reader_win.cc(151)] SuspendThread: Access is denied. (0x5)
[0128/082556.684:ERROR:process_reader_win.cc(151)] SuspendThread: Access is denied. (0x5)
[0128/082556.684:ERROR:process_reader_win.cc(151)] SuspendThread: Access is denied. (0x5)
[0128/082556.684:ERROR:process_reader_win.cc(151)] SuspendThread: Access is denied. (0x5)
[0128/082556.684:ERROR:process_reader_win.cc(123)] NtOpenThread: {Access Denied} A process has requested access to an object, but has not been granted those access rights. (0xc0000022)
[0128/082556.685:ERROR:exception_snapshot_win.cc(98)] thread ID 7560 not found in process
[0128/083816.899:ERROR:process_reader_win.cc(123)] NtOpenThread: {Access Denied} A process has requested access to an object, but has not been granted those access rights. (0xc0000022)
[0128/083816.917:ERROR:exception_snapshot_win.cc(98)] thread ID 6156 not found in process
[0128/090214.959:ERROR:process_reader_win.cc(123)] NtOpenThread: {Access Denied} A process has requested access to an object, but has not been granted those access rights. (0xc0000022)
[0128/090214.983:ERROR:exception_snapshot_win.cc(98)] thread ID 7496 not found in process
[0128/091938.227:ERROR:process_reader_win.cc(123)] NtOpenThread: {Access Denied} A process has requested access to an object, but has not been granted those access rights. (0xc0000022)
[0128/091938.253:ERROR:exception_snapshot_win.cc(98)] thread ID 14076 not found in process
[0128/094451.948:ERROR:process_reader_win.cc(123)] NtOpenThread: {Access Denied} A process has requested access to an object, but has not been granted those access rights. (0xc0000022)
[0128/094451.949:ERROR:exception_snapshot_win.cc(98)] thread ID 16592 not found in process
[0128/094553.715:ERROR:process_reader_win.cc(123)] NtOpenThread: {Access Denied} A process has requested access to an object, but has not been granted those access rights. (0xc0000022)
[0128/094553.716:ERROR:exception_snapshot_win.cc(98)] thread ID 13780 not found in process
[0128/094655.764:ERROR:process_reader_win.cc(123)] NtOpenThread: {Access Denied} A process has requested access to an object, but has not been granted those access rights. (0xc0000022)
[0128/094655.768:ERROR:exception_snapshot_win.cc(98)] thread ID 3024 not found in process
[0128/094816.978:ERROR:process_reader_win.cc(123)] NtOpenThread: {Access Denied} A process has requested access to an object, but has not been granted those access rights. (0xc0000022)
[0128/094816.979:ERROR:exception_snapshot_win.cc(98)] thread ID 14076 not found in process
[0128/101842.610:ERROR:process_reader_win.cc(123)] NtOpenThread: {Access Denied} A process has requested access to an object, but has not been granted those access rights. (0xc0000022)
[0128/101842.612:ERROR:exception_snapshot_win.cc(98)] thread ID 11320 not found in process
[0128/114206.312:ERROR:process_reader_win.cc(123)] NtOpenThread: {Access Denied} A process has requested access to an object, but has not been granted those access rights. (0xc0000022)
[0128/114206.395:ERROR:exception_snapshot_win.cc(98)] thread ID 10056 not found in process
[0128/115027.106:ERROR:process_reader_win.cc(123)] NtOpenThread: {Access Denied} A process has requested access to an object, but has not been granted those access rights. (0xc0000022)
[0128/115027.107:ERROR:exception_snapshot_win.cc(98)] thread ID 13440 not found in process
[0128/120157.033:ERROR:process_reader_win.cc(151)] SuspendThread: Access is denied. (0x5)
[0128/120157.033:ERROR:process_reader_win.cc(151)] SuspendThread: Access is denied. (0x5)
[0128/120157.033:ERROR:process_reader_win.cc(151)] SuspendThread: Access is denied. (0x5)
[0128/120157.033:ERROR:process_reader_win.cc(123)] NtOpenThread: {Access Denied} A process has requested access to an object, but has not been granted those access rights. (0xc0000022)
[0128/120157.034:ERROR:exception_snapshot_win.cc(98)] thread ID 10048 not found in process
[0128/120230.279:ERROR:process_reader_win.cc(151)] SuspendThread: Access is denied. (0x5)
[0128/120230.279:ERROR:process_reader_win.cc(151)] SuspendThread: Access is denied. (0x5)
[0128/120230.279:ERROR:process_reader_win.cc(151)] SuspendThread: Access is denied. (0x5)
[0128/120230.279:ERROR:process_reader_win.cc(151)] SuspendThread: Access is denied. (0x5)
[0128/120230.279:ERROR:process_reader_win.cc(123)] NtOpenThread: {Access Denied} A process has requested access to an object, but has not been granted those access rights. (0xc0000022)
[0128/120230.279:ERROR:exception_snapshot_win.cc(98)] thread ID 1400 not found in process
[0128/120320.042:ERROR:process_reader_win.cc(123)] NtOpenThread: {Access Denied} A process has requested access to an object, but has not been granted those access rights. (0xc0000022)
[0128/120320.042:ERROR:exception_snapshot_win.cc(98)] thread ID 4360 not found in process
[0128/120439.204:ERROR:process_reader_win.cc(151)] SuspendThread: Access is denied. (0x5)
[0128/120439.205:ERROR:process_reader_win.cc(151)] SuspendThread: Access is denied. (0x5)
[0128/120439.206:ERROR:process_reader_win.cc(151)] SuspendThread: Access is denied. (0x5)
[0128/120439.206:ERROR:process_reader_win.cc(151)] SuspendThread: Access is denied. (0x5)
[0128/120439.206:ERROR:process_reader_win.cc(123)] NtOpenThread: {Access Denied} A process has requested access to an object, but has not been granted those access rights. (0xc0000022)
[0128/120439.251:ERROR:exception_snapshot_win.cc(98)] thread ID 13716 not found in process
[0128/123950.354:ERROR:process_reader_win.cc(123)] NtOpenThread: {Access Denied} A process has requested access to an object, but has not been granted those access rights. (0xc0000022)
[0128/123950.404:ERROR:exception_snapshot_win.cc(98)] thread ID 17616 not found in process
[0128/124114.997:ERROR:process_reader_win.cc(123)] NtOpenThread: {Access Denied} A process has requested access to an object, but has not been granted those access rights. (0xc0000022)
[0128/124114.997:ERROR:exception_snapshot_win.cc(98)] thread ID 12896 not found in process
[0128/125708.558:ERROR:process_reader_win.cc(123)] NtOpenThread: {Access Denied} A process has requested access to an object, but has not been granted those access rights. (0xc0000022)
[0128/125708.559:ERROR:exception_snapshot_win.cc(98)] thread ID 19184 not found in process
[0128/125904.522:ERROR:process_reader_win.cc(123)] NtOpenThread: {Access Denied} A process has requested access to an object, but has not been granted those access rights. (0xc0000022)
[0128/125904.523:ERROR:exception_snapshot_win.cc(98)] thread ID 16788 not found in process
[0128/140601.148:ERROR:process_reader_win.cc(151)] SuspendThread: Access is denied. (0x5)
[0128/140601.149:ERROR:process_reader_win.cc(151)] SuspendThread: Access is denied. (0x5)
[0128/140601.149:ERROR:process_reader_win.cc(151)] SuspendThread: Access is denied. (0x5)
[0128/140601.149:ERROR:process_reader_win.cc(123)] NtOpenThread: {Access Denied} A process has requested access to an object, but has not been granted those access rights. (0xc0000022)
[0128/140601.150:ERROR:exception_snapshot_win.cc(98)] thread ID 9496 not found in process
[0128/140723.624:ERROR:process_reader_win.cc(123)] NtOpenThread: {Access Denied} A process has requested access to an object, but has not been granted those access rights. (0xc0000022)
[0128/140723.625:ERROR:exception_snapshot_win.cc(98)] thread ID 11336 not found in process
[0128/142508.938:ERROR:process_reader_win.cc(123)] NtOpenThread: {Access Denied} A process has requested access to an object, but has not been granted those access rights. (0xc0000022)
[0128/142508.938:ERROR:exception_snapshot_win.cc(98)] thread ID 6520 not found in process
[0129/072331.275:ERROR:process_reader_win.cc(123)] NtOpenThread: {Access Denied} A process has requested access to an object, but has not been granted those access rights. (0xc0000022)
[0129/072331.302:ERROR:exception_snapshot_win.cc(98)] thread ID 20840 not found in process
[0129/072643.354:ERROR:process_reader_win.cc(123)] NtOpenThread: {Access Denied} A process has requested access to an object, but has not been granted those access rights. (0xc0000022)
[0129/072643.354:ERROR:exception_snapshot_win.cc(98)] thread ID 17488 not found in process
[0129/072724.603:ERROR:process_reader_win.cc(123)] NtOpenThread: {Access Denied} A process has requested access to an object, but has not been granted those access rights. (0xc0000022)
[0129/072724.604:ERROR:exception_snapshot_win.cc(98)] thread ID 11376 not found in process
[0129/072745.867:ERROR:process_reader_win.cc(123)] NtOpenThread: {Access Denied} A process has requested access to an object, but has not been granted those access rights. (0xc0000022)
[0129/072745.867:ERROR:exception_snapshot_win.cc(98)] thread ID 2772 not found in process
[0129/072826.653:ERROR:process_reader_win.cc(123)] NtOpenThread: {Access Denied} A process has requested access to an object, but has not been granted those access rights. (0xc0000022)
[0129/072826.655:ERROR:exception_snapshot_win.cc(98)] thread ID 15844 not found in process
[0129/073530.988:ERROR:process_reader_win.cc(123)] NtOpenThread: {Access Denied} A process has requested access to an object, but has not been granted those access rights. (0xc0000022)
[0129/073530.989:ERROR:exception_snapshot_win.cc(98)] thread ID 7584 not found in process
[0129/073629.631:ERROR:process_reader_win.cc(123)] NtOpenThread: {Access Denied} A process has requested access to an object, but has not been granted those access rights. (0xc0000022)
[0129/073629.635:ERROR:exception_snapshot_win.cc(98)] thread ID 13156 not found in process
[0129/073703.179:ERROR:process_reader_win.cc(151)] SuspendThread: Access is denied. (0x5)
[0129/073703.180:ERROR:process_reader_win.cc(151)] SuspendThread: Access is denied. (0x5)
[0129/073703.180:ERROR:process_reader_win.cc(151)] SuspendThread: Access is denied. (0x5)
[0129/073703.180:ERROR:process_reader_win.cc(151)] SuspendThread: Access is denied. (0x5)
[0129/073703.180:ERROR:process_reader_win.cc(123)] NtOpenThread: {Access Denied} A process has requested access to an object, but has not been granted those access rights. (0xc0000022)
[0129/073703.180:ERROR:exception_snapshot_win.cc(98)] thread ID 1496 not found in process
[0129/074056.829:ERROR:process_reader_win.cc(151)] SuspendThread: Access is denied. (0x5)
[0129/074056.830:ERROR:process_reader_win.cc(151)] SuspendThread: Access is denied. (0x5)
[0129/074056.830:ERROR:process_reader_win.cc(151)] SuspendThread: Access is denied. (0x5)
[0129/074056.830:ERROR:process_reader_win.cc(123)] NtOpenThread: {Access Denied} A process has requested access to an object, but has not been granted those access rights. (0xc0000022)
[0129/074056.830:ERROR:exception_snapshot_win.cc(98)] thread ID 20576 not found in process
[0129/074401.779:ERROR:process_reader_win.cc(151)] SuspendThread: Access is denied. (0x5)
[0129/074401.780:ERROR:process_reader_win.cc(151)] SuspendThread: Access is denied. (0x5)
[0129/074401.780:ERROR:process_reader_win.cc(151)] SuspendThread: Access is denied. (0x5)
[0129/074401.780:ERROR:process_reader_win.cc(123)] NtOpenThread: {Access Denied} A process has requested access to an object, but has not been granted those access rights. (0xc0000022)
[0129/074401.780:ERROR:exception_snapshot_win.cc(98)] thread ID 468 not found in process
[0129/074602.115:ERROR:process_reader_win.cc(123)] NtOpenThread: {Access Denied} A process has requested access to an object, but has not been granted those access rights. (0xc0000022)
[0129/074602.116:ERROR:exception_snapshot_win.cc(98)] thread ID 21048 not found in process
[0129/074705.039:ERROR:process_reader_win.cc(123)] NtOpenThread: {Access Denied} A process has requested access to an object, but has not been granted those access rights. (0xc0000022)
[0129/074705.039:ERROR:exception_snapshot_win.cc(98)] thread ID 13068 not found in process
[0129/074811.513:ERROR:process_reader_win.cc(123)] NtOpenThread: {Access Denied} A process has requested access to an object, but has not been granted those access rights. (0xc0000022)
[0129/074811.514:ERROR:exception_snapshot_win.cc(98)] thread ID 2572 not found in process
[0129/075039.619:ERROR:process_reader_win.cc(151)] SuspendThread: Access is denied. (0x5)
[0129/075039.621:ERROR:process_reader_win.cc(151)] SuspendThread: Access is denied. (0x5)
[0129/075039.621:ERROR:process_reader_win.cc(151)] SuspendThread: Access is denied. (0x5)
[0129/075039.621:ERROR:process_reader_win.cc(151)] SuspendThread: Access is denied. (0x5)
[0129/075039.621:ERROR:process_reader_win.cc(123)] NtOpenThread: {Access Denied} A process has requested access to an object, but has not been granted those access rights. (0xc0000022)
[0129/075039.621:ERROR:exception_snapshot_win.cc(98)] thread ID 248 not found in process
[0129/075124.300:ERROR:process_reader_win.cc(151)] SuspendThread: Access is denied. (0x5)
[0129/075124.301:ERROR:process_reader_win.cc(151)] SuspendThread: Access is denied. (0x5)
[0129/075124.301:ERROR:process_reader_win.cc(151)] SuspendThread: Access is denied. (0x5)
[0129/075124.301:ERROR:process_reader_win.cc(123)] NtOpenThread: {Access Denied} A process has requested access to an object, but has not been granted those access rights. (0xc0000022)
[0129/075124.302:ERROR:exception_snapshot_win.cc(98)] thread ID 9168 not found in process
[0129/075545.984:ERROR:process_reader_win.cc(151)] SuspendThread: Access is denied. (0x5)
[0129/075545.984:ERROR:process_reader_win.cc(151)] SuspendThread: Access is denied. (0x5)
[0129/075545.984:ERROR:process_reader_win.cc(123)] NtOpenThread: {Access Denied} A process has requested access to an object, but has not been granted those access rights. (0xc0000022)
[0129/075545.988:ERROR:exception_snapshot_win.cc(98)] thread ID 4336 not found in process
[0129/075619.481:ERROR:process_reader_win.cc(123)] NtOpenThread: {Access Denied} A process has requested access to an object, but has not been granted those access rights. (0xc0000022)
[0129/075619.482:ERROR:exception_snapshot_win.cc(98)] thread ID 14984 not found in process
[0129/075653.789:ERROR:process_reader_win.cc(123)] NtOpenThread: {Access Denied} A process has requested access to an object, but has not been granted those access rights. (0xc0000022)
[0129/075653.795:ERROR:exception_snapshot_win.cc(98)] thread ID 3012 not found in process
[0129/075950.679:ERROR:process_reader_win.cc(123)] NtOpenThread: {Access Denied} A process has requested access to an object, but has not been granted those access rights. (0xc0000022)
[0129/075950.680:ERROR:exception_snapshot_win.cc(98)] thread ID 19044 not found in process
[0129/080017.513:ERROR:process_reader_win.cc(123)] NtOpenThread: {Access Denied} A process has requested access to an object, but has not been granted those access rights. (0xc0000022)
[0129/080017.513:ERROR:exception_snapshot_win.cc(98)] thread ID 2504 not found in process
[0129/080452.182:ERROR:process_reader_win.cc(151)] SuspendThread: Access is denied. (0x5)
[0129/080452.182:ERROR:process_reader_win.cc(151)] SuspendThread: Access is denied. (0x5)
[0129/080452.182:ERROR:process_reader_win.cc(151)] SuspendThread: Access is denied. (0x5)
[0129/080452.182:ERROR:process_reader_win.cc(123)] NtOpenThread: {Access Denied} A process has requested access to an object, but has not been granted those access rights. (0xc0000022)
[0129/080452.184:ERROR:exception_snapshot_win.cc(98)] thread ID 16252 not found in process
[0129/080602.135:ERROR:process_reader_win.cc(151)] SuspendThread: Access is denied. (0x5)
[0129/080602.136:ERROR:process_reader_win.cc(151)] SuspendThread: Access is denied. (0x5)
[0129/080602.136:ERROR:process_reader_win.cc(151)] SuspendThread: Access is denied. (0x5)
[0129/080602.136:ERROR:process_reader_win.cc(151)] SuspendThread: Access is denied. (0x5)
[0129/080602.136:ERROR:process_reader_win.cc(123)] NtOpenThread: {Access Denied} A process has requested access to an object, but has not been granted those access rights. (0xc0000022)
[0129/080602.136:ERROR:exception_snapshot_win.cc(98)] thread ID 9204 not found in process
[0129/080655.206:ERROR:process_reader_win.cc(123)] NtOpenThread: {Access Denied} A process has requested access to an object, but has not been granted those access rights. (0xc0000022)
[0129/080655.207:ERROR:exception_snapshot_win.cc(98)] thread ID 3992 not found in process
[0129/080857.572:ERROR:process_reader_win.cc(123)] NtOpenThread: {Access Denied} A process has requested access to an object, but has not been granted those access rights. (0xc0000022)
[0129/080857.573:ERROR:exception_snapshot_win.cc(98)] thread ID 20328 not found in process
[0129/080944.345:ERROR:process_reader_win.cc(123)] NtOpenThread: {Access Denied} A process has requested access to an object, but has not been granted those access rights. (0xc0000022)
[0129/080944.348:ERROR:exception_snapshot_win.cc(98)] thread ID 1852 not found in process
[0129/083710.133:ERROR:process_reader_win.cc(123)] NtOpenThread: {Access Denied} A process has requested access to an object, but has not been granted those access rights. (0xc0000022)
[0129/083710.244:ERROR:exception_snapshot_win.cc(98)] thread ID 8992 not found in process
[0129/083837.267:ERROR:process_reader_win.cc(123)] NtOpenThread: {Access Denied} A process has requested access to an object, but has not been granted those access rights. (0xc0000022)
[0129/083837.268:ERROR:exception_snapshot_win.cc(98)] thread ID 5200 not found in process
[0129/083943.875:ERROR:process_reader_win.cc(123)] NtOpenThread: {Access Denied} A process has requested access to an object, but has not been granted those access rights. (0xc0000022)
[0129/083943.875:ERROR:exception_snapshot_win.cc(98)] thread ID 14212 not found in process
[0129/084019.112:ERROR:process_reader_win.cc(151)] SuspendThread: Access is denied. (0x5)
[0129/084019.113:ERROR:process_reader_win.cc(151)] SuspendThread: Access is denied. (0x5)
[0129/084019.113:ERROR:process_reader_win.cc(151)] SuspendThread: Access is denied. (0x5)
[0129/084019.113:ERROR:process_reader_win.cc(151)] SuspendThread: Access is denied. (0x5)
[0129/084019.113:ERROR:process_reader_win.cc(123)] NtOpenThread: {Access Denied} A process has requested access to an object, but has not been granted those access rights. (0xc0000022)
[0129/084019.113:ERROR:exception_snapshot_win.cc(98)] thread ID 1060 not found in process
[0129/084643.033:ERROR:process_reader_win.cc(123)] NtOpenThread: {Access Denied} A process has requested access to an object, but has not been granted those access rights. (0xc0000022)
[0129/084643.033:ERROR:exception_snapshot_win.cc(98)] thread ID 16924 not found in process
[0129/084818.183:ERROR:process_reader_win.cc(123)] NtOpenThread: {Access Denied} A process has requested access to an object, but has not been granted those access rights. (0xc0000022)
[0129/084818.184:ERROR:exception_snapshot_win.cc(98)] thread ID 12976 not found in process
[0129/085002.508:ERROR:process_reader_win.cc(151)] SuspendThread: Access is denied. (0x5)
[0129/085002.508:ERROR:process_reader_win.cc(151)] SuspendThread: Access is denied. (0x5)
[0129/085002.508:ERROR:process_reader_win.cc(151)] SuspendThread: Access is denied. (0x5)
[0129/085002.508:ERROR:process_reader_win.cc(151)] SuspendThread: Access is denied. (0x5)
[0129/085002.508:ERROR:process_reader_win.cc(123)] NtOpenThread: {Access Denied} A process has requested access to an object, but has not been granted those access rights. (0xc0000022)
[0129/085002.508:ERROR:exception_snapshot_win.cc(98)] thread ID 15860 not found in process
[0129/085102.529:ERROR:process_reader_win.cc(151)] SuspendThread: Access is denied. (0x5)
[0129/085102.530:ERROR:process_reader_win.cc(151)] SuspendThread: Access is denied. (0x5)
[0129/085102.530:ERROR:process_reader_win.cc(151)] SuspendThread: Access is denied. (0x5)
[0129/085102.530:ERROR:process_reader_win.cc(151)] SuspendThread: Access is denied. (0x5)
[0129/085102.530:ERROR:process_reader_win.cc(123)] NtOpenThread: {Access Denied} A process has requested access to an object, but has not been granted those access rights. (0xc0000022)
[0129/085102.531:ERROR:exception_snapshot_win.cc(98)] thread ID 14812 not found in process
[0129/090934.914:ERROR:process_reader_win.cc(151)] SuspendThread: Access is denied. (0x5)
[0129/090934.914:ERROR:process_reader_win.cc(151)] SuspendThread: Access is denied. (0x5)
[0129/090934.914:ERROR:process_reader_win.cc(151)] SuspendThread: Access is denied. (0x5)
[0129/090934.914:ERROR:process_reader_win.cc(151)] SuspendThread: Access is denied. (0x5)
[0129/090934.914:ERROR:process_reader_win.cc(123)] NtOpenThread: {Access Denied} A process has requested access to an object, but has not been granted those access rights. (0xc0000022)
[0129/090934.914:ERROR:exception_snapshot_win.cc(98)] thread ID 6692 not found in process
[0129/091042.340:ERROR:process_reader_win.cc(123)] NtOpenThread: {Access Denied} A process has requested access to an object, but has not been granted those access rights. (0xc0000022)
[0129/091042.341:ERROR:exception_snapshot_win.cc(98)] thread ID 13048 not found in process
[0129/091522.568:ERROR:process_reader_win.cc(151)] SuspendThread: Access is denied. (0x5)
[0129/091522.569:ERROR:process_reader_win.cc(151)] SuspendThread: Access is denied. (0x5)
[0129/091522.569:ERROR:process_reader_win.cc(151)] SuspendThread: Access is denied. (0x5)
[0129/091522.569:ERROR:process_reader_win.cc(123)] NtOpenThread: {Access Denied} A process has requested access to an object, but has not been granted those access rights. (0xc0000022)
[0129/091522.570:ERROR:exception_snapshot_win.cc(98)] thread ID 6140 not found in process
[0129/094754.964:ERROR:process_reader_win.cc(151)] SuspendThread: Access is denied. (0x5)
[0129/094754.964:ERROR:process_reader_win.cc(151)] SuspendThread: Access is denied. (0x5)
[0129/094754.964:ERROR:process_reader_win.cc(123)] NtOpenThread: {Access Denied} A process has requested access to an object, but has not been granted those access rights. (0xc0000022)
[0129/094754.968:ERROR:exception_snapshot_win.cc(98)] thread ID 1884 not found in process
[0129/104508.832:ERROR:process_reader_win.cc(123)] NtOpenThread: {Access Denied} A process has requested access to an object, but has not been granted those access rights. (0xc0000022)
[0129/104508.873:ERROR:exception_snapshot_win.cc(98)] thread ID 2960 not found in process
[0129/112335.897:ERROR:process_reader_win.cc(123)] NtOpenThread: {Access Denied} A process has requested access to an object, but has not been granted those access rights. (0xc0000022)
[0129/112336.161:ERROR:exception_snapshot_win.cc(98)] thread ID 4852 not found in process
[0129/113107.351:ERROR:process_reader_win.cc(123)] NtOpenThread: {Access Denied} A process has requested access to an object, but has not been granted those access rights. (0xc0000022)
[0129/113107.380:ERROR:exception_snapshot_win.cc(98)] thread ID 8564 not found in process
[0129/114036.494:ERROR:process_reader_win.cc(151)] SuspendThread: Access is denied. (0x5)
[0129/114036.494:ERROR:process_reader_win.cc(151)] SuspendThread: Access is denied. (0x5)
[0129/114036.494:ERROR:process_reader_win.cc(151)] SuspendThread: Access is denied. (0x5)
[0129/114036.494:ERROR:process_reader_win.cc(151)] SuspendThread: Access is denied. (0x5)
[0129/114036.494:ERROR:process_reader_win.cc(123)] NtOpenThread: {Access Denied} A process has requested access to an object, but has not been granted those access rights. (0xc0000022)
[0129/114036.495:ERROR:exception_snapshot_win.cc(98)] thread ID 16688 not found in process
[0129/115541.205:ERROR:process_reader_win.cc(123)] NtOpenThread: {Access Denied} A process has requested access to an object, but has not been granted those access rights. (0xc0000022)
[0129/115541.205:ERROR:exception_snapshot_win.cc(98)] thread ID 4088 not found in process
[0129/115812.507:ERROR:process_reader_win.cc(123)] NtOpenThread: {Access Denied} A process has requested access to an object, but has not been granted those access rights. (0xc0000022)
[0129/115812.508:ERROR:exception_snapshot_win.cc(98)] thread ID 15480 not found in process
[0129/120015.576:ERROR:process_reader_win.cc(123)] NtOpenThread: {Access Denied} A process has requested access to an object, but has not been granted those access rights. (0xc0000022)
[0129/120015.577:ERROR:exception_snapshot_win.cc(98)] thread ID 21340 not found in process
[0129/120108.159:ERROR:process_reader_win.cc(151)] SuspendThread: Access is denied. (0x5)
[0129/120108.160:ERROR:process_reader_win.cc(151)] SuspendThread: Access is denied. (0x5)
[0129/120108.160:ERROR:process_reader_win.cc(151)] SuspendThread: Access is denied. (0x5)
[0129/120108.160:ERROR:process_reader_win.cc(151)] SuspendThread: Access is denied. (0x5)
[0129/120108.160:ERROR:process_reader_win.cc(123)] NtOpenThread: {Access Denied} A process has requested access to an object, but has not been granted those access rights. (0xc0000022)
[0129/120108.160:ERROR:exception_snapshot_win.cc(98)] thread ID 6740 not found in process
[0129/120425.262:ERROR:process_reader_win.cc(123)] NtOpenThread: {Access Denied} A process has requested access to an object, but has not been granted those access rights. (0xc0000022)
[0129/120425.263:ERROR:exception_snapshot_win.cc(98)] thread ID 17024 not found in process
[0129/120435.122:ERROR:process_reader_win.cc(151)] SuspendThread: Access is denied. (0x5)
[0129/120435.122:ERROR:process_reader_win.cc(151)] SuspendThread: Access is denied. (0x5)
[0129/120435.123:ERROR:process_reader_win.cc(151)] SuspendThread: Access is denied. (0x5)
[0129/120435.123:ERROR:process_reader_win.cc(123)] NtOpenThread: {Access Denied} A process has requested access to an object, but has not been granted those access rights. (0xc0000022)
[0129/120435.123:ERROR:exception_snapshot_win.cc(98)] thread ID 9428 not found in process
[0129/120542.675:ERROR:process_reader_win.cc(123)] NtOpenThread: {Access Denied} A process has requested access to an object, but has not been granted those access rights. (0xc0000022)
[0129/120542.676:ERROR:exception_snapshot_win.cc(98)] thread ID 17808 not found in process
[0129/120750.356:ERROR:process_reader_win.cc(123)] NtOpenThread: {Access Denied} A process has requested access to an object, but has not been granted those access rights. (0xc0000022)
[0129/120750.356:ERROR:exception_snapshot_win.cc(98)] thread ID 14836 not found in process
[0129/120820.812:ERROR:process_reader_win.cc(151)] SuspendThread: Access is denied. (0x5)
[0129/120820.812:ERROR:process_reader_win.cc(123)] NtOpenThread: {Access Denied} A process has requested access to an object, but has not been granted those access rights. (0xc0000022)
[0129/120820.812:ERROR:exception_snapshot_win.cc(98)] thread ID 10160 not found in process
[0129/120933.500:ERROR:process_reader_win.cc(123)] NtOpenThread: {Access Denied} A process has requested access to an object, but has not been granted those access rights. (0xc0000022)
[0129/120933.500:ERROR:exception_snapshot_win.cc(98)] thread ID 1016 not found in process
[0129/121019.430:ERROR:process_reader_win.cc(151)] SuspendThread: Access is denied. (0x5)
[0129/121019.430:ERROR:process_reader_win.cc(151)] SuspendThread: Access is denied. (0x5)
[0129/121019.430:ERROR:process_reader_win.cc(151)] SuspendThread: Access is denied. (0x5)
[0129/121019.430:ERROR:process_reader_win.cc(151)] SuspendThread: Access is denied. (0x5)
[0129/121019.430:ERROR:process_reader_win.cc(123)] NtOpenThread: {Access Denied} A process has requested access to an object, but has not been granted those access rights. (0xc0000022)
[0129/121019.431:ERROR:exception_snapshot_win.cc(98)] thread ID 6488 not found in process
[0129/121108.253:ERROR:process_reader_win.cc(123)] NtOpenThread: {Access Denied} A process has requested access to an object, but has not been granted those access rights. (0xc0000022)
[0129/121108.253:ERROR:exception_snapshot_win.cc(98)] thread ID 2264 not found in process
[0129/121155.956:ERROR:process_reader_win.cc(123)] NtOpenThread: {Access Denied} A process has requested access to an object, but has not been granted those access rights. (0xc0000022)
[0129/121155.956:ERROR:exception_snapshot_win.cc(98)] thread ID 15940 not found in process
[0129/121241.419:ERROR:process_reader_win.cc(123)] NtOpenThread: {Access Denied} A process has requested access to an object, but has not been granted those access rights. (0xc0000022)
[0129/121241.420:ERROR:exception_snapshot_win.cc(98)] thread ID 17564 not found in process
[0129/121350.474:ERROR:process_reader_win.cc(151)] SuspendThread: Access is denied. (0x5)
[0129/121350.475:ERROR:process_reader_win.cc(123)] NtOpenThread: {Access Denied} A process has requested access to an object, but has not been granted those access rights. (0xc0000022)
[0129/121350.475:ERROR:exception_snapshot_win.cc(98)] thread ID 18272 not found in process
[0129/121419.653:ERROR:process_reader_win.cc(123)] NtOpenThread: {Access Denied} A process has requested access to an object, but has not been granted those access rights. (0xc0000022)
[0129/121419.654:ERROR:exception_snapshot_win.cc(98)] thread ID 18152 not found in process
[0129/121443.969:ERROR:process_reader_win.cc(151)] SuspendThread: Access is denied. (0x5)
[0129/121443.970:ERROR:process_reader_win.cc(151)] SuspendThread: Access is denied. (0x5)
[0129/121443.970:ERROR:process_reader_win.cc(151)] SuspendThread: Access is denied. (0x5)
[0129/121443.970:ERROR:process_reader_win.cc(123)] NtOpenThread: {Access Denied} A process has requested access to an object, but has not been granted those access rights. (0xc0000022)
[0129/121443.970:ERROR:exception_snapshot_win.cc(98)] thread ID 17544 not found in process
[0129/121728.479:ERROR:process_reader_win.cc(123)] NtOpenThread: {Access Denied} A process has requested access to an object, but has not been granted those access rights. (0xc0000022)
[0129/121728.481:ERROR:exception_snapshot_win.cc(98)] thread ID 3648 not found in process
[0129/122227.316:ERROR:process_reader_win.cc(123)] NtOpenThread: {Access Denied} A process has requested access to an object, but has not been granted those access rights. (0xc0000022)
[0129/122227.316:ERROR:exception_snapshot_win.cc(98)] thread ID 14684 not found in process
[0129/122704.174:ERROR:process_reader_win.cc(123)] NtOpenThread: {Access Denied} A process has requested access to an object, but has not been granted those access rights. (0xc0000022)
[0129/122704.175:ERROR:exception_snapshot_win.cc(98)] thread ID 21456 not found in process
[0129/123107.676:ERROR:process_reader_win.cc(123)] NtOpenThread: {Access Denied} A process has requested access to an object, but has not been granted those access rights. (0xc0000022)
[0129/123107.676:ERROR:exception_snapshot_win.cc(98)] thread ID 1396 not found in process
[0129/123300.811:ERROR:process_reader_win.cc(151)] SuspendThread: Access is denied. (0x5)
[0129/123300.812:ERROR:process_reader_win.cc(151)] SuspendThread: Access is denied. (0x5)
[0129/123300.812:ERROR:process_reader_win.cc(151)] SuspendThread: Access is denied. (0x5)
[0129/123300.812:ERROR:process_reader_win.cc(123)] NtOpenThread: {Access Denied} A process has requested access to an object, but has not been granted those access rights. (0xc0000022)
[0129/123300.812:ERROR:exception_snapshot_win.cc(98)] thread ID 15940 not found in process
[0129/123526.627:ERROR:process_reader_win.cc(123)] NtOpenThread: {Access Denied} A process has requested access to an object, but has not been granted those access rights. (0xc0000022)
[0129/123526.628:ERROR:exception_snapshot_win.cc(98)] thread ID 4736 not found in process
[0129/123802.544:ERROR:process_reader_win.cc(151)] SuspendThread: Access is denied. (0x5)
[0129/123802.545:ERROR:process_reader_win.cc(123)] NtOpenThread: {Access Denied} A process has requested access to an object, but has not been granted those access rights. (0xc0000022)
[0129/123802.545:ERROR:exception_snapshot_win.cc(98)] thread ID 19488 not found in process
[0129/123941.509:ERROR:process_reader_win.cc(123)] NtOpenThread: {Access Denied} A process has requested access to an object, but has not been granted those access rights. (0xc0000022)
[0129/123941.510:ERROR:exception_snapshot_win.cc(98)] thread ID 15308 not found in process
[0129/124339.471:ERROR:process_reader_win.cc(123)] NtOpenThread: {Access Denied} A process has requested access to an object, but has not been granted those access rights. (0xc0000022)
[0129/124339.471:ERROR:exception_snapshot_win.cc(98)] thread ID 21140 not found in process
[0129/124423.183:ERROR:process_reader_win.cc(123)] NtOpenThread: {Access Denied} A process has requested access to an object, but has not been granted those access rights. (0xc0000022)
[0129/124423.184:ERROR:exception_snapshot_win.cc(98)] thread ID 17900 not found in process
[0129/124640.552:ERROR:process_reader_win.cc(123)] NtOpenThread: {Access Denied} A process has requested access to an object, but has not been granted those access rights. (0xc0000022)
[0129/124640.554:ERROR:exception_snapshot_win.cc(98)] thread ID 20752 not found in process
[0129/124733.429:ERROR:process_reader_win.cc(123)] NtOpenThread: {Access Denied} A process has requested access to an object, but has not been granted those access rights. (0xc0000022)
[0129/124733.429:ERROR:exception_snapshot_win.cc(98)] thread ID 124 not found in process
[0129/125019.719:ERROR:process_reader_win.cc(123)] NtOpenThread: {Access Denied} A process has requested access to an object, but has not been granted those access rights. (0xc0000022)
[0129/125019.719:ERROR:exception_snapshot_win.cc(98)] thread ID 16688 not found in process
[0129/125142.034:ERROR:process_reader_win.cc(123)] NtOpenThread: {Access Denied} A process has requested access to an object, but has not been granted those access rights. (0xc0000022)
[0129/125142.034:ERROR:exception_snapshot_win.cc(98)] thread ID 16428 not found in process
[0129/125230.578:ERROR:process_reader_win.cc(123)] NtOpenThread: {Access Denied} A process has requested access to an object, but has not been granted those access rights. (0xc0000022)
[0129/125230.579:ERROR:exception_snapshot_win.cc(98)] thread ID 9248 not found in process
[0129/125318.570:ERROR:process_reader_win.cc(123)] NtOpenThread: {Access Denied} A process has requested access to an object, but has not been granted those access rights. (0xc0000022)
[0129/125318.571:ERROR:exception_snapshot_win.cc(98)] thread ID 3904 not found in process
[0129/125337.953:ERROR:process_reader_win.cc(123)] NtOpenThread: {Access Denied} A process has requested access to an object, but has not been granted those access rights. (0xc0000022)
[0129/125337.953:ERROR:exception_snapshot_win.cc(98)] thread ID 15440 not found in process
[0129/125521.601:ERROR:process_reader_win.cc(123)] NtOpenThread: {Access Denied} A process has requested access to an object, but has not been granted those access rights. (0xc0000022)
[0129/125521.601:ERROR:exception_snapshot_win.cc(98)] thread ID 5268 not found in process
[0129/125537.650:ERROR:process_reader_win.cc(123)] NtOpenThread: {Access Denied} A process has requested access to an object, but has not been granted those access rights. (0xc0000022)
[0129/125537.651:ERROR:exception_snapshot_win.cc(98)] thread ID 16896 not found in process
[0129/125559.545:ERROR:process_reader_win.cc(123)] NtOpenThread: {Access Denied} A process has requested access to an object, but has not been granted those access rights. (0xc0000022)
[0129/125559.545:ERROR:exception_snapshot_win.cc(98)] thread ID 18664 not found in process
[0129/130253.361:ERROR:process_reader_win.cc(123)] NtOpenThread: {Access Denied} A process has requested access to an object, but has not been granted those access rights. (0xc0000022)
[0129/130253.362:ERROR:exception_snapshot_win.cc(98)] thread ID 15620 not found in process
[0129/130420.962:ERROR:process_reader_win.cc(123)] NtOpenThread: {Access Denied} A process has requested access to an object, but has not been granted those access rights. (0xc0000022)
[0129/130420.962:ERROR:exception_snapshot_win.cc(98)] thread ID 20604 not found in process
[0129/130444.413:ERROR:process_reader_win.cc(151)] SuspendThread: Access is denied. (0x5)
[0129/130444.413:ERROR:process_reader_win.cc(151)] SuspendThread: Access is denied. (0x5)
[0129/130444.413:ERROR:process_reader_win.cc(151)] SuspendThread: Access is denied. (0x5)
[0129/130444.413:ERROR:process_reader_win.cc(151)] SuspendThread: Access is denied. (0x5)
[0129/130444.413:ERROR:process_reader_win.cc(123)] NtOpenThread: {Access Denied} A process has requested access to an object, but has not been granted those access rights. (0xc0000022)
[0129/130444.414:ERROR:exception_snapshot_win.cc(98)] thread ID 15188 not found in process
[0129/131906.189:ERROR:process_reader_win.cc(123)] NtOpenThread: {Access Denied} A process has requested access to an object, but has not been granted those access rights. (0xc0000022)
[0129/131906.190:ERROR:exception_snapshot_win.cc(98)] thread ID 9576 not found in process
